<?xml version="1.0" encoding="UTF-8"?>
<coverage generated="1525778178547" clover="4.2.0">
   <project name="booker 1.0-SNAPSHOT" timestamp="1525778151965">
      <metrics coveredelements="4" complexity="71" loc="511" methods="41" classes="7" statements="193" packages="5" coveredconditionals="0" coveredmethods="1" elements="268" ncloc="435" files="7" conditionals="34" coveredstatements="3"/>
      <package name="inf.unideb.hu.Database">
         <metrics coveredelements="0" complexity="22" loc="154" methods="9" classes="2" statements="51" coveredconditionals="0" coveredmethods="0" elements="70" ncloc="123" files="2" conditionals="10" coveredstatements="0"/>
         <file path="/Users/tothalex/Documents/github/booker/src/main/java/inf/unideb/hu/Database/DatabaseJSON.java" name="DatabaseJSON.java">
            <metrics coveredelements="0" coveredconditionals="0" complexity="22" loc="139" coveredmethods="0" methods="9" elements="70" classes="1" ncloc="111" statements="51" conditionals="10" coveredstatements="0"/>
            <class name="DatabaseJSON">
               <metrics coveredelements="0" coveredconditionals="0" complexity="22" coveredmethods="0" methods="9" elements="70" statements="51" conditionals="10" coveredstatements="0"/>
            </class>
            <line complexity="3" visibility="public" signature="DatabaseJSON(String)" num="28" count="0" type="method"/>
            <line num="29" count="0" type="stmt"/>
            <line num="30" count="0" type="stmt"/>
            <line num="31" count="0" type="stmt"/>
            <line falsecount="0" truecount="0" num="31" type="cond"/>
            <line num="32" count="0" type="stmt"/>
            <line num="33" count="0" type="stmt"/>
            <line num="34" count="0" type="stmt"/>
            <line num="36" count="0" type="stmt"/>
            <line num="37" count="0" type="stmt"/>
            <line complexity="6" visibility="public" signature="load() : void" num="42" count="0" type="method"/>
            <line num="44" count="0" type="stmt"/>
            <line num="45" count="0" type="stmt"/>
            <line falsecount="0" truecount="0" num="45" type="cond"/>
            <line num="46" count="0" type="stmt"/>
            <line num="47" count="0" type="stmt"/>
            <line num="48" count="0" type="stmt"/>
            <line num="49" count="0" type="stmt"/>
            <line num="51" count="0" type="stmt"/>
            <line num="52" count="0" type="stmt"/>
            <line num="55" count="0" type="stmt"/>
            <line num="55" count="0" type="stmt"/>
            <line num="56" count="0" type="stmt"/>
            <line num="57" count="0" type="stmt"/>
            <line num="58" count="0" type="stmt"/>
            <line num="60" count="0" type="stmt"/>
            <line num="61" count="0" type="stmt"/>
            <line num="62" count="0" type="stmt"/>
            <line num="63" count="0" type="stmt"/>
            <line complexity="4" visibility="public" signature="save() : void" num="68" count="0" type="method"/>
            <line num="70" count="0" type="stmt"/>
            <line num="70" count="0" type="stmt"/>
            <line num="71" count="0" type="stmt"/>
            <line num="72" count="0" type="stmt"/>
            <line num="74" count="0" type="stmt"/>
            <line num="75" count="0" type="stmt"/>
            <line complexity="2" visibility="public" signature="insertDBTimer(Time) : void" num="79" count="0" type="method"/>
            <line num="81" count="0" type="stmt"/>
            <line falsecount="0" truecount="0" num="81" type="cond"/>
            <line num="82" count="0" type="stmt"/>
            <line num="83" count="0" type="stmt"/>
            <line complexity="1" visibility="public" signature="getDatabaseListCurrentMonth() : List&lt;Time&gt;" num="86" count="0" type="method"/>
            <line num="88" count="0" type="stmt"/>
            <line complexity="1" visibility="private" signature="quote(String) : String" num="93" count="0" type="method"/>
            <line num="93" count="0" type="stmt"/>
            <line complexity="1" visibility="private" signature="formatDuration(long) : String" num="94" count="0" type="method"/>
            <line num="94" count="0" type="stmt"/>
            <line complexity="1" visibility="public" signature="totalCurrentMonth() : String" num="96" count="0" type="method"/>
            <line num="98" count="0" type="stmt"/>
            <line complexity="3" visibility="public" signature="formatCSV() : String" num="104" count="0" type="method"/>
            <line num="106" count="0" type="stmt"/>
            <line num="106" count="0" type="stmt"/>
            <line falsecount="0" truecount="0" num="106" type="cond"/>
            <line num="108" count="0" type="stmt"/>
            <line num="109" count="0" type="stmt"/>
            <line num="111" count="0" type="stmt"/>
            <line num="112" count="0" type="stmt"/>
            <line num="113" count="0" type="stmt"/>
            <line num="114" count="0" type="stmt"/>
            <line num="116" count="0" type="stmt"/>
            <line num="117" count="0" type="stmt"/>
            <line num="118" count="0" type="stmt"/>
            <line falsecount="0" truecount="0" num="118" type="cond"/>
            <line num="119" count="0" type="stmt"/>
            <line num="126" count="0" type="stmt"/>
         </file>
         <file path="/Users/tothalex/Documents/github/booker/src/main/java/inf/unideb/hu/Database/IDatabase.java" name="IDatabase.java">
            <metrics coveredelements="0" coveredconditionals="0" complexity="0" loc="15" coveredmethods="0" methods="0" elements="0" classes="1" ncloc="12" statements="0" conditionals="0" coveredstatements="0"/>
            <class name="IDatabase">
               <metrics coveredelements="0" coveredconditionals="0" complexity="0" coveredmethods="0" methods="0" elements="0" statements="0" conditionals="0" coveredstatements="0"/>
            </class>
         </file>
      </package>
      <package name="inf.unideb.hu.DBTimer">
         <metrics coveredelements="0" complexity="11" loc="39" methods="7" classes="1" statements="16" coveredconditionals="0" coveredmethods="0" elements="31" ncloc="29" files="1" conditionals="8" coveredstatements="0"/>
         <file path="/Users/tothalex/Documents/github/booker/src/main/java/inf/unideb/hu/DBTimer/DBTimer.java" name="DBTimer.java">
            <metrics coveredelements="0" coveredconditionals="0" complexity="11" loc="39" coveredmethods="0" methods="7" elements="31" classes="1" ncloc="29" statements="16" conditionals="8" coveredstatements="0"/>
            <class name="DBTimer">
               <metrics coveredelements="0" coveredconditionals="0" complexity="11" coveredmethods="0" methods="7" elements="31" statements="16" conditionals="8" coveredstatements="0"/>
            </class>
            <line complexity="1" visibility="public" signature="DBTimer()" num="11" count="0" type="method"/>
            <line num="12" count="0" type="stmt"/>
            <line complexity="2" visibility="public" signature="start() : void" num="15" count="0" type="method"/>
            <line num="16" count="0" type="stmt"/>
            <line num="16" count="0" type="stmt"/>
            <line falsecount="0" truecount="0" num="16" type="cond"/>
            <line num="17" count="0" type="stmt"/>
            <line complexity="2" visibility="public" signature="stop() : void" num="20" count="0" type="method"/>
            <line num="21" count="0" type="stmt"/>
            <line falsecount="0" truecount="0" num="21" type="cond"/>
            <line num="22" count="0" type="stmt"/>
            <line num="24" count="0" type="stmt"/>
            <line complexity="1" visibility="public" signature="getTime() : Time" num="27" count="0" type="method"/>
            <line num="27" count="0" type="stmt"/>
            <line complexity="3" visibility="public" signature="addComment(String) : void" num="28" count="0" type="method"/>
            <line num="29" count="0" type="stmt"/>
            <line falsecount="0" truecount="0" num="29" type="cond"/>
            <line num="30" count="0" type="stmt"/>
            <line falsecount="0" truecount="0" num="30" type="cond"/>
            <line num="31" count="0" type="stmt"/>
            <line num="32" count="0" type="stmt"/>
            <line num="33" count="0" type="stmt"/>
            <line complexity="1" visibility="public" signature="reset() : void" num="36" count="0" type="method"/>
            <line num="36" count="0" type="stmt"/>
            <line num="36" count="0" type="stmt"/>
            <line complexity="1" visibility="public" signature="getComments() : String" num="37" count="0" type="method"/>
            <line num="37" count="0" type="stmt"/>
         </file>
      </package>
      <package name="inf.unideb.hu.Sender">
         <metrics coveredelements="0" complexity="5" loc="82" methods="3" classes="1" statements="37" coveredconditionals="0" coveredmethods="0" elements="42" ncloc="74" files="1" conditionals="2" coveredstatements="0"/>
         <file path="/Users/tothalex/Documents/github/booker/src/main/java/inf/unideb/hu/Sender/Email.java" name="Email.java">
            <metrics coveredelements="0" coveredconditionals="0" complexity="5" loc="82" coveredmethods="0" methods="3" elements="42" classes="1" ncloc="74" statements="37" conditionals="2" coveredstatements="0"/>
            <class name="Email">
               <metrics coveredelements="0" coveredconditionals="0" complexity="5" coveredmethods="0" methods="3" elements="42" statements="37" conditionals="2" coveredstatements="0"/>
            </class>
            <line complexity="1" visibility="public" signature="Email(String,String,String)" num="33" count="0" type="method"/>
            <line num="34" count="0" type="stmt"/>
            <line num="35" count="0" type="stmt"/>
            <line num="36" count="0" type="stmt"/>
            <line num="37" count="0" type="stmt"/>
            <line complexity="3" visibility="public" signature="send(String) : void" num="40" count="0" type="method"/>
            <line num="41" count="0" type="stmt"/>
            <line num="42" count="0" type="stmt"/>
            <line num="43" count="0" type="stmt"/>
            <line num="44" count="0" type="stmt"/>
            <line num="45" count="0" type="stmt"/>
            <line num="46" count="0" type="stmt"/>
            <line complexity="1" visibility="protected" signature="getPasswordAuthentication() : PasswordAuthentication" num="48" count="0" type="method"/>
            <line num="49" count="0" type="stmt"/>
            <line num="52" count="0" type="stmt"/>
            <line num="53" count="0" type="stmt"/>
            <line num="54" count="0" type="stmt"/>
            <line num="56" count="0" type="stmt"/>
            <line num="57" count="0" type="stmt"/>
            <line num="58" count="0" type="stmt"/>
            <line num="59" count="0" type="stmt"/>
            <line num="60" count="0" type="stmt"/>
            <line num="61" count="0" type="stmt"/>
            <line num="62" count="0" type="stmt"/>
            <line num="63" count="0" type="stmt"/>
            <line num="63" count="0" type="stmt"/>
            <line falsecount="0" truecount="0" num="63" type="cond"/>
            <line num="64" count="0" type="stmt"/>
            <line num="65" count="0" type="stmt"/>
            <line num="66" count="0" type="stmt"/>
            <line num="67" count="0" type="stmt"/>
            <line num="68" count="0" type="stmt"/>
            <line num="70" count="0" type="stmt"/>
            <line num="72" count="0" type="stmt"/>
            <line num="73" count="0" type="stmt"/>
            <line num="74" count="0" type="stmt"/>
            <line num="75" count="0" type="stmt"/>
            <line num="76" count="0" type="stmt"/>
            <line num="77" count="0" type="stmt"/>
            <line num="78" count="0" type="stmt"/>
            <line num="79" count="0" type="stmt"/>
         </file>
      </package>
      <package name="inf.unideb.hu">
         <metrics coveredelements="0" complexity="24" loc="204" methods="13" classes="2" statements="79" coveredconditionals="0" coveredmethods="0" elements="106" ncloc="184" files="2" conditionals="14" coveredstatements="0"/>
         <file path="/Users/tothalex/Documents/github/booker/src/main/java/inf/unideb/hu/App.java" name="App.java">
            <metrics coveredelements="0" coveredconditionals="0" complexity="4" loc="53" coveredmethods="0" methods="4" elements="16" classes="1" ncloc="45" statements="12" conditionals="0" coveredstatements="0"/>
            <class name="App">
               <metrics coveredelements="0" coveredconditionals="0" complexity="4" coveredmethods="0" methods="4" elements="16" statements="12" conditionals="0" coveredstatements="0"/>
            </class>
            <line complexity="1" visibility="public" signature="start(Stage) : void" num="25" count="0" type="method"/>
            <line num="27" count="0" type="stmt"/>
            <line num="28" count="0" type="stmt"/>
            <line num="29" count="0" type="stmt"/>
            <line num="30" count="0" type="stmt"/>
            <line num="31" count="0" type="stmt"/>
            <line num="33" count="0" type="stmt"/>
            <line complexity="1" visibility="public" signature="handle(MouseEvent) : void" num="34" count="0" type="method"/>
            <line num="36" count="0" type="stmt"/>
            <line num="37" count="0" type="stmt"/>
            <line num="40" count="0" type="stmt"/>
            <line complexity="1" visibility="public" signature="handle(MouseEvent) : void" num="41" count="0" type="method"/>
            <line num="43" count="0" type="stmt"/>
            <line num="44" count="0" type="stmt"/>
            <line complexity="1" visibility="public" signature="main(String[]) : void" num="49" count="0" type="method"/>
            <line num="50" count="0" type="stmt"/>
         </file>
         <file path="/Users/tothalex/Documents/github/booker/src/main/java/inf/unideb/hu/Controller.java" name="Controller.java">
            <metrics coveredelements="0" coveredconditionals="0" complexity="20" loc="151" coveredmethods="0" methods="9" elements="90" classes="1" ncloc="139" statements="67" conditionals="14" coveredstatements="0"/>
            <class name="Controller">
               <metrics coveredelements="0" coveredconditionals="0" complexity="20" coveredmethods="0" methods="9" elements="90" statements="67" conditionals="14" coveredstatements="0"/>
            </class>
            <line complexity="1" visibility="public" signature="btnExit(ActionEvent) : void" num="41" count="0" type="method"/>
            <line num="43" count="0" type="stmt"/>
            <line complexity="1" visibility="public" signature="btnTimer(ActionEvent) : void" num="45" count="0" type="method"/>
            <line num="47" count="0" type="stmt"/>
            <line num="48" count="0" type="stmt"/>
            <line num="49" count="0" type="stmt"/>
            <line complexity="2" visibility="public" signature="btnView(ActionEvent) : void" num="51" count="0" type="method"/>
            <line num="53" count="0" type="stmt"/>
            <line num="54" count="0" type="stmt"/>
            <line num="55" count="0" type="stmt"/>
            <line num="56" count="0" type="stmt"/>
            <line falsecount="0" truecount="0" num="56" type="cond"/>
            <line num="57" count="0" type="stmt"/>
            <line num="58" count="0" type="stmt"/>
            <line complexity="1" visibility="public" signature="btnUtilities(ActionEvent) : void" num="61" count="0" type="method"/>
            <line num="63" count="0" type="stmt"/>
            <line num="64" count="0" type="stmt"/>
            <line num="65" count="0" type="stmt"/>
            <line complexity="2" visibility="public" signature="btnStart(ActionEvent) : void" num="67" count="0" type="method"/>
            <line num="69" count="0" type="stmt"/>
            <line num="70" count="0" type="stmt"/>
            <line num="71" count="0" type="stmt"/>
            <line num="72" count="0" type="stmt"/>
            <line num="73" count="0" type="stmt"/>
            <line num="74" count="0" type="stmt"/>
            <line num="75" count="0" type="stmt"/>
            <line num="76" count="0" type="stmt"/>
            <line complexity="5" visibility="public" signature="run() : void" num="79" count="0" type="method"/>
            <line num="81" count="0" type="stmt"/>
            <line num="81" count="0" type="stmt"/>
            <line falsecount="0" truecount="0" num="81" type="cond"/>
            <line num="82" count="0" type="stmt"/>
            <line num="83" count="0" type="stmt"/>
            <line falsecount="0" truecount="0" num="83" type="cond"/>
            <line num="84" count="0" type="stmt"/>
            <line num="86" count="0" type="stmt"/>
            <line num="87" count="0" type="stmt"/>
            <line falsecount="0" truecount="0" num="88" type="cond"/>
            <line falsecount="0" truecount="0" num="89" type="cond"/>
            <line num="93" count="0" type="stmt"/>
            <line num="94" count="0" type="stmt"/>
            <line num="95" count="0" type="stmt"/>
            <line num="96" count="0" type="stmt"/>
            <line complexity="2" visibility="public" signature="btnStop(ActionEvent) : void" num="99" count="0" type="method"/>
            <line num="101" count="0" type="stmt"/>
            <line num="102" count="0" type="stmt"/>
            <line num="103" count="0" type="stmt"/>
            <line num="104" count="0" type="stmt"/>
            <line num="105" count="0" type="stmt"/>
            <line num="106" count="0" type="stmt"/>
            <line num="107" count="0" type="stmt"/>
            <line num="108" count="0" type="stmt"/>
            <line num="109" count="0" type="stmt"/>
            <line num="110" count="0" type="stmt"/>
            <line num="112" count="0" type="stmt"/>
            <line num="114" count="0" type="stmt"/>
            <line num="115" count="0" type="stmt"/>
            <line num="116" count="0" type="stmt"/>
            <line complexity="2" visibility="public" signature="btnComment(ActionEvent) : void" num="119" count="0" type="method"/>
            <line num="121" count="0" type="stmt"/>
            <line num="122" count="0" type="stmt"/>
            <line num="123" count="0" type="stmt"/>
            <line num="124" count="0" type="stmt"/>
            <line num="125" count="0" type="stmt"/>
            <line num="127" count="0" type="stmt"/>
            <line num="128" count="0" type="stmt"/>
            <line complexity="4" visibility="public" signature="btnSend(ActionEvent) : void" num="132" count="0" type="method"/>
            <line num="134" count="0" type="stmt"/>
            <line num="135" count="0" type="stmt"/>
            <line falsecount="0" truecount="0" num="135" type="cond"/>
            <line num="136" count="0" type="stmt"/>
            <line num="137" count="0" type="stmt"/>
            <line num="138" count="0" type="stmt"/>
            <line num="138" count="0" type="stmt"/>
            <line falsecount="0" truecount="0" num="138" type="cond"/>
            <line num="139" count="0" type="stmt"/>
            <line num="140" count="0" type="stmt"/>
            <line num="141" count="0" type="stmt"/>
            <line num="142" count="0" type="stmt"/>
            <line num="144" count="0" type="stmt"/>
            <line num="145" count="0" type="stmt"/>
            <line num="146" count="0" type="stmt"/>
            <line num="147" count="0" type="stmt"/>
         </file>
      </package>
      <package name="inf.unideb.hu.Model">
         <metrics coveredelements="4" complexity="9" loc="32" methods="9" classes="1" statements="10" coveredconditionals="0" coveredmethods="1" elements="19" ncloc="25" files="1" conditionals="0" coveredstatements="3"/>
         <file path="/Users/tothalex/Documents/github/booker/src/main/java/inf/unideb/hu/Model/Time.java" name="Time.java">
            <metrics coveredelements="4" coveredconditionals="0" complexity="9" loc="32" coveredmethods="1" methods="9" elements="19" classes="1" ncloc="25" statements="10" conditionals="0" coveredstatements="3"/>
            <class name="Time">
               <metrics coveredelements="4" coveredconditionals="0" complexity="9" coveredmethods="1" methods="9" elements="19" statements="10" conditionals="0" coveredstatements="3"/>
            </class>
            <line complexity="1" visibility="public" signature="Time()" num="16" count="0" type="method"/>
            <line complexity="1" visibility="public" signature="Time(LocalDateTime,LocalDateTime,String)" num="18" count="120" type="method"/>
            <line num="19" count="120" type="stmt"/>
            <line num="20" count="120" type="stmt"/>
            <line num="21" count="120" type="stmt"/>
            <line complexity="1" visibility="public" signature="getStart() : LocalDateTime" num="24" count="0" type="method"/>
            <line num="24" count="0" type="stmt"/>
            <line complexity="1" visibility="public" signature="setStart(LocalDateTime) : void" num="25" count="0" type="method"/>
            <line num="25" count="0" type="stmt"/>
            <line complexity="1" visibility="public" signature="getEnd() : LocalDateTime" num="26" count="0" type="method"/>
            <line num="26" count="0" type="stmt"/>
            <line complexity="1" visibility="public" signature="setEnd(LocalDateTime) : void" num="27" count="0" type="method"/>
            <line num="27" count="0" type="stmt"/>
            <line complexity="1" visibility="public" signature="setComment(String) : void" num="28" count="0" type="method"/>
            <line num="28" count="0" type="stmt"/>
            <line complexity="1" visibility="public" signature="getComment() : String" num="29" count="0" type="method"/>
            <line num="29" count="0" type="stmt"/>
            <line complexity="1" visibility="public" signature="getDuration() : long" num="30" count="0" type="method"/>
            <line num="31" count="0" type="stmt"/>
         </file>
      </package>
   </project>
   <testproject name="booker 1.0-SNAPSHOT" timestamp="1525778151965">
      <metrics coveredelements="28" complexity="12" loc="96" methods="11" classes="2" statements="15" packages="2" coveredconditionals="2" coveredmethods="11" elements="28" ncloc="65" files="2" conditionals="2" coveredstatements="15"/>
      <package name="inf.unideb.hu.Database">
         <metrics coveredelements="22" complexity="9" loc="58" methods="8" classes="1" statements="12" coveredconditionals="2" coveredmethods="8" elements="22" ncloc="45" files="1" conditionals="2" coveredstatements="12"/>
         <file path="/Users/tothalex/Documents/github/booker/src/test/java/inf/unideb/hu/Database/DatabaseJSONTest.java" name="DatabaseJSONTest.java">
            <metrics coveredelements="22" coveredconditionals="2" complexity="9" loc="58" coveredmethods="8" methods="8" elements="22" classes="1" ncloc="45" statements="12" conditionals="2" coveredstatements="12"/>
            <class name="DatabaseJSONTest">
               <metrics coveredelements="22" complexity="9" methods="8" testruns="12" statements="12" coveredconditionals="2" coveredmethods="8" elements="22" testfailures="0" testduration="0.012" conditionals="2" coveredstatements="12" testpasses="12"/>
            </class>
            <line complexity="2" visibility="public" signature="setUp() : void" num="22" count="12" type="method"/>
            <line num="23" count="12" type="stmt"/>
            <line num="24" count="12" type="stmt"/>
            <line num="25" count="12" type="stmt"/>
            <line num="26" count="12" type="stmt"/>
            <line num="27" count="12" type="stmt"/>
            <line num="28" count="12" type="stmt"/>
            <line falsecount="12" truecount="120" num="28" type="cond"/>
            <line num="29" count="120" type="stmt"/>
            <line num="30" count="120" type="stmt"/>
            <line num="32" count="12" type="stmt"/>
            <line num="33" count="12" type="stmt"/>
            <line num="34" count="12" type="stmt"/>
            <line complexity="1" visibility="public" signature="tearDown() : void" num="37" count="12" type="method"/>
            <line num="38" count="12" type="stmt"/>
            <line complexity="1" visibility="public" signature="testLoad() : void" num="41" testsuccess="true" count="2" testduration="0.004" type="method"/>
            <line complexity="1" visibility="public" signature="testSave() : void" num="44" testsuccess="true" count="2" testduration="0.0" type="method"/>
            <line complexity="1" visibility="public" signature="testInsertDBTimer() : void" num="47" testsuccess="true" count="2" testduration="0.0" type="method"/>
            <line complexity="1" visibility="public" signature="testGetDatabaseListCurrentMonth() : void" num="50" testsuccess="true" count="2" testduration="0.0" type="method"/>
            <line complexity="1" visibility="public" signature="testTotalCurrentMonth() : void" num="53" testsuccess="true" count="2" testduration="0.0" type="method"/>
            <line complexity="1" visibility="public" signature="testFormatCSV() : void" num="56" testsuccess="true" count="2" testduration="0.0" type="method"/>
         </file>
      </package>
      <package name="inf.unideb.hu">
         <metrics coveredelements="6" complexity="3" loc="38" methods="3" classes="1" statements="3" coveredconditionals="0" coveredmethods="3" elements="6" ncloc="20" files="1" conditionals="0" coveredstatements="3"/>
         <file path="/Users/tothalex/Documents/github/booker/src/test/java/inf/unideb/hu/AppTest.java" name="AppTest.java">
            <metrics coveredelements="6" coveredconditionals="0" complexity="3" loc="38" coveredmethods="3" methods="3" elements="6" classes="1" ncloc="20" statements="3" conditionals="0" coveredstatements="3"/>
            <class name="AppTest">
               <metrics coveredelements="6" complexity="3" methods="3" testruns="2" statements="3" coveredconditionals="0" coveredmethods="3" elements="6" testfailures="0" testduration="0.0" conditionals="0" coveredstatements="3" testpasses="2"/>
            </class>
            <line complexity="1" visibility="public" signature="AppTest(String)" num="18" count="2" type="method"/>
            <line num="20" count="2" type="stmt"/>
            <line complexity="1" visibility="public" signature="suite() : Test" num="26" count="2" type="method"/>
            <line num="28" count="2" type="stmt"/>
            <line complexity="1" visibility="public" signature="testApp() : void" num="34" testsuccess="true" count="2" testduration="0.0" type="method"/>
            <line num="36" count="2" type="stmt"/>
         </file>
      </package>
   </testproject>
</coverage>